[debug] [2020-04-02T05:07:25.946Z] ----------------------------------------------------------------------
[debug] [2020-04-02T05:07:25.949Z] Command:       /usr/local/bin/node /usr/local/bin/firebase init
[debug] [2020-04-02T05:07:25.949Z] CLI Version:   8.0.0
[debug] [2020-04-02T05:07:25.949Z] Platform:      darwin
[debug] [2020-04-02T05:07:25.949Z] Node Version:  v10.16.3
[debug] [2020-04-02T05:07:25.950Z] Time:          Thu Apr 02 2020 08:07:25 GMT+0300 (Eastern European Summer Time)
[debug] [2020-04-02T05:07:25.950Z] ----------------------------------------------------------------------
[debug] [2020-04-02T05:07:25.950Z] 
[debug] [2020-04-02T05:07:25.960Z] > command requires scopes: ["email","openid","https://www.googleapis.com/auth/cloudplatformprojects.readonly","https://www.googleapis.com/auth/firebase","https://www.googleapis.com/auth/cloud-platform"]
[debug] [2020-04-02T05:07:25.961Z] > authorizing via signed-in user
[info] 
     ######## #### ########  ######## ########     ###     ######  ########
     ##        ##  ##     ## ##       ##     ##  ##   ##  ##       ##
     ######    ##  ########  ######   ########  #########  ######  ######
     ##        ##  ##    ##  ##       ##     ## ##     ##       ## ##
     ##       #### ##     ## ######## ########  ##     ##  ######  ########

You're about to initialize a Firebase project in this directory:

  /Users/teogomes/travelagency

Before we get started, keep in mind:

  * You are initializing in an existing Firebase project directory

